<?xml version="1.0" encoding="UTF-8"?>
<testsuite xmlns:xsi="http://www.w3.org/2001/XMLSchema-instance" xsi:noNamespaceSchemaLocation="https://maven.apache.org/surefire/maven-surefire-plugin/xsd/surefire-test-report.xsd" name="TestRest" time="1.237" tests="4" errors="4" skipped="0" failures="0">
  <properties>
[...]
</properties>
  <testcase name="TestPost" classname="TestRest" time="0.933">
    <error type="java.lang.ExceptionInInitializerError">java.lang.ExceptionInInitializerError
	at TestRest.TestPost(TestRest.java:17)
Caused by: java.lang.reflect.InaccessibleObjectException: Unable to make private java.lang.Class(java.lang.ClassLoader,java.lang.Class) accessible: module java.base does not "opens java.lang" to unnamed module @5a10411
	at TestRest.TestPost(TestRest.java:17)
</error>
  </testcase>
  <testcase name="TestGet" classname="TestRest" time="0.017">
    <error message="Could not initialize class com.jayway.restassured.RestAssured" type="java.lang.NoClassDefFoundError">java.lang.NoClassDefFoundError: Could not initialize class com.jayway.restassured.RestAssured
	at TestRest.TestGet(TestRest.java:12)
</error>
  </testcase>
  <testcase name="TestPut" classname="TestRest" time="0.005">
    <error message="Could not initialize class com.jayway.restassured.RestAssured" type="java.lang.NoClassDefFoundError">java.lang.NoClassDefFoundError: Could not initialize class com.jayway.restassured.RestAssured
	at TestRest.TestPut(TestRest.java:46)
</error>
  </testcase>
  <testcase name="testDelete" classname="TestRest" time="0.005">
    <error message="Could not initialize class com.jayway.restassured.RestAssured" type="java.lang.NoClassDefFoundError">java.lang.NoClassDefFoundError: Could not initialize class com.jayway.restassured.RestAssured
	at TestRest.testDelete(TestRest.java:41)
</error>
  </testcase>
</testsuite>